2020-06-25 20:48:57,135 Podano liczbê, która nieodpowiada ¿adnemu dzia³aniu matematycznemu
2020-06-25 20:58:14,613 Wykonam dodawanie dla liczb: 3 i 2
2020-06-25 21:01:06,255 Start programu
2020-06-25 21:01:12,325 Wykonam dodawanie dla liczb: 4.0 i 4.4
2020-06-25 21:03:48,141 Start programu
2020-06-25 21:04:00,302 Start programu
2020-06-25 21:04:10,939 Start programu
2020-06-25 21:09:27,400 Start programu
2020-06-25 21:09:35,091 Podana liczba nie jest typu float
2020-06-25 21:14:18,200 Start programu
2020-06-25 21:15:40,857 Start programu
2020-06-25 21:22:00,817 Start programu
2020-06-25 21:22:56,371 Start programu
2020-06-26 18:29:31,368 Start programu
2020-06-26 18:46:58,396 Start programu
2020-06-26 18:47:02,488 Podano liczbê, która nie odpowiada ¿adnemu dzia³aniu matematycznemu
2020-06-26 18:47:11,381 Start programu
2020-06-26 18:47:17,615 Podane liczby s¹ typu float
2020-06-26 18:47:17,615 Próbowano podzieliæ 4.0 przez 0
2020-06-26 18:47:26,201 Start programu
2020-06-26 18:47:39,308 Podane liczby s¹ typu float
2020-06-26 18:47:39,310 Wykonano dzia³anie 1 dla [1.0, 5.0, 8.9, 9.1]
2020-06-26 18:49:12,285  - - Start programu - - 
2020-06-26 18:49:16,249 Podane liczby s¹ typu float
2020-06-26 18:49:16,250 Próbowano podzieliæ 9.0 przez 0
2020-06-26 18:49:16,250  - - Koniec programu - - 
2020-06-26 18:49:21,410  - - Start programu - - 
2020-06-26 18:49:27,420 Podane liczby nie s¹ typu float
2020-06-26 18:49:35,497 Podane liczby s¹ typu float
2020-06-26 18:49:35,498 Wykonano dzia³anie 3 dla [1.0, 9.5, 2.0]
2020-06-26 18:49:35,498  - - Koniec programu - - 
2020-06-26 18:55:24,778  - - Start programu - - 
2020-06-26 18:56:00,131  - - Start programu - - 
2020-06-26 18:56:20,285  - - Start programu - - 
2020-06-26 18:56:21,698 Podano liczbê 9, która nie odpowiada ¿adnemu dzia³aniu matematycznemu
2020-06-26 18:56:26,199  - - Start programu - - 
2020-06-26 18:56:44,065  - - Start programu - - 
2020-06-26 18:56:45,735 Wybrano: Dodawanie
2020-06-26 18:56:51,668 Podane liczby s¹ typu float
2020-06-26 18:56:51,668 Wykonano dzia³anie 1 dla [1.0, 2.0, 9.0]
2020-06-26 18:56:51,669  - - Koniec programu - - 
2020-06-26 18:56:54,298  - - Start programu - - 
2020-06-26 18:56:57,163 Wybrano: Dodawanie
2020-06-26 18:56:59,302 Podane liczby nie s¹ typu float
2020-06-26 18:57:02,515 Podane liczby s¹ typu float
2020-06-26 18:57:02,516 Wykonano dzia³anie 1 dla [1.0, 5.0, 9.0]
2020-06-26 18:57:02,516  - - Koniec programu - - 
2020-06-26 18:57:04,346  - - Start programu - - 
2020-06-26 18:57:06,265 Wybrano: Dzielenie
2020-06-26 18:57:10,160 Podane liczby s¹ typu float
2020-06-26 18:57:10,162 Próbowano podzieliæ 0.0 przez 0
2020-06-26 18:57:10,162  - - Koniec programu - - 
2020-06-26 18:57:11,919  - - Start programu - - 
2020-06-26 18:57:14,146 Wybrano: Odejmowanie
2020-06-26 18:57:18,864 Podane liczby s¹ typu float
2020-06-26 18:57:18,865 Wykonano dzia³anie 2 dla 9.0 i -10.0
2020-06-26 18:57:18,865  - - Koniec programu - - 
2020-06-26 18:58:44,157  - - Start programu - - 
2020-06-26 18:58:45,534 Wybrano: Dodawanie
2020-06-26 18:58:49,876 Podane liczby nie s¹ typu float
2020-06-26 18:58:54,884 Podane liczby s¹ typu float
2020-06-26 18:58:54,885 Wykonano dzia³anie Dodawanie dla [1.0, 9.0, 0.0]
2020-06-26 18:58:54,885  - - Koniec programu - - 
